<?xml version="1.0" encoding="UTF-8" ?>
<testsuite tests="3" failures="0" name="hellocucumber.RunCucumberTest" time="0.012" errors="0" skipped="3">
  <properties>
[...]
</properties>
  <testcase classname="Is it Friday yet?" name="Sunday isn&apos;t Friday" time="0.004">
    <skipped/>
    <system-out>Feature: Is it Friday yet?
  Everybody wants to know when it&apos;s Friday

  Scenario: Sunday isn&apos;t Friday        &amp;#27;[90m# hellocucumber/is_it_friday_yet.feature:4&amp;#27;[0m
    &amp;#27;[33mGiven &amp;#27;[0m&amp;#27;[33mtoday is Sunday&amp;#27;[0m              &amp;#27;[90m# null&amp;#27;[0m
    &amp;#27;[33mWhen &amp;#27;[0m&amp;#27;[33mI ask whether it&apos;s Friday yet&amp;#27;[0m &amp;#27;[90m# null&amp;#27;[0m
    &amp;#27;[33mThen &amp;#27;[0m&amp;#27;[33mI should be told &quot;Nope&quot;&amp;#27;[0m       &amp;#27;[90m# null&amp;#27;[0m
</system-out>
  </testcase>
  <testcase classname="Is it Friday yet?" name="Sunday isn&apos;t Friday" time="0.004">
    <skipped/>
  </testcase>
  <testcase classname="Is it Friday yet?" name="Sunday isn&apos;t Friday" time="0.004">
    <skipped/>
  </testcase>
</testsuite>